2023/12/15 14:43:49 database initialized
2023/12/15 14:46:15 Origin: http://localhost:3000 | Forwarded:  | Method: GET | RequestURI: /posts
2023/12/15 14:46:21 Origin: http://localhost:3000 | Forwarded:  | Method: GET | RequestURI: /posts
2023/12/15 14:46:28 Origin: http://localhost:3000 | Forwarded:  | Method: GET | RequestURI: /posts
2023/12/15 14:46:34 Origin: http://localhost:3000 | Forwarded:  | Method: GET | RequestURI: /posts
2023/12/15 14:48:02 Origin: http://localhost | Forwarded:  | Method: GET | RequestURI: /posts
2023/12/15 14:52:46 Origin: http://localhost | Forwarded:  | Method: GET | RequestURI: /posts
2023/12/15 15:00:31 database initialized
2023/12/15 15:04:19 Origin:  | Forwarded:  | Method: GET | RequestURI: /
2023/12/15 15:04:28 Origin:  | Forwarded:  | Method: GET | RequestURI: /posts
2023/12/15 15:07:26 database initialized
2023/12/15 15:07:39 Origin: http://localhost | Forwarded:  | Method: GET | RequestURI: /posts
2023/12/15 15:10:51 Origin: http://localhost | Forwarded:  | Method: GET | RequestURI: /posts
2023/12/15 15:11:30 Origin:  | Forwarded:  | Method: GET | RequestURI: /
2023/12/15 15:11:39 Origin:  | Forwarded:  | Method: GET | RequestURI: /posts
2023/12/15 16:08:09 Failed to initialize database
2023/12/15 16:08:10 Failed to initialize database
2023/12/15 16:08:11 Failed to initialize database
2023/12/15 16:08:11 Failed to initialize database
2023/12/15 16:08:12 Failed to initialize database
2023/12/15 16:08:14 Failed to initialize database
2023/12/15 16:08:18 Failed to initialize database
2023/12/15 16:08:24 Failed to initialize database
2023/12/15 16:08:37 Failed to initialize database
2023/12/15 16:09:03 Failed to initialize database
2023/12/15 16:09:55 Failed to initialize database
2023/12/15 16:11:29 database initialized
2023/12/15 16:11:38 Origin: http://localhost | Forwarded:  | Method: GET | RequestURI: /posts
2023/12/15 16:12:06 Origin:  | Forwarded:  | Method: GET | RequestURI: /
2023/12/15 16:12:19 Origin:  | Forwarded:  | Method: GET | RequestURI: /posts
2023/12/15 16:17:46 Origin: http://localhost | Forwarded:  | Method: GET | RequestURI: /posts
2023/12/15 16:18:01 Origin: http://localhost | Forwarded:  | Method: OPTIONS | RequestURI: /create
2023/12/15 16:18:01 Origin: http://localhost | Forwarded:  | Method: POST | RequestURI: /create
2023/12/15 16:18:02 Origin: http://localhost | Forwarded:  | Method: GET | RequestURI: /posts
2023/12/15 16:18:12 Origin: http://localhost | Forwarded:  | Method: OPTIONS | RequestURI: /posts/1/update
2023/12/15 16:18:12 Origin: http://localhost | Forwarded:  | Method: POST | RequestURI: /posts/1/update
2023/12/15 16:18:19 Origin: http://localhost | Forwarded:  | Method: GET | RequestURI: /posts
2023/12/15 16:20:51 Origin:  | Forwarded:  | Method: GET | RequestURI: /
2023/12/15 16:20:56 Origin:  | Forwarded:  | Method: GET | RequestURI: /posts
2023/12/15 16:27:31 Origin: http://localhost | Forwarded:  | Method: GET | RequestURI: /posts
2023/12/15 16:27:45 Origin: http://localhost | Forwarded:  | Method: OPTIONS | RequestURI: /posts/1/update
2023/12/15 16:27:45 Origin: http://localhost | Forwarded:  | Method: POST | RequestURI: /posts/1/update
2023/12/15 16:27:49 Origin: http://localhost | Forwarded:  | Method: POST | RequestURI: /posts/1/update
2023/12/15 16:28:01 Origin: http://localhost | Forwarded:  | Method: OPTIONS | RequestURI: /create
2023/12/15 16:28:01 Origin: http://localhost | Forwarded:  | Method: POST | RequestURI: /create
2023/12/15 16:28:01 Origin: http://localhost | Forwarded:  | Method: GET | RequestURI: /posts
2023/12/15 16:28:14 Origin: http://localhost | Forwarded:  | Method: OPTIONS | RequestURI: /posts/2/update
2023/12/15 16:28:14 Origin: http://localhost | Forwarded:  | Method: POST | RequestURI: /posts/2/update
2023/12/15 16:28:16 Origin: http://localhost | Forwarded:  | Method: POST | RequestURI: /posts/2/update
2023/12/15 16:28:17 Origin: http://localhost | Forwarded:  | Method: POST | RequestURI: /posts/2/update
2023/12/15 16:44:18 Origin: http://localhost | Forwarded:  | Method: GET | RequestURI: /posts
2023/12/15 16:44:45 Origin: http://localhost | Forwarded:  | Method: OPTIONS | RequestURI: /create
2023/12/15 16:44:45 Origin: http://localhost | Forwarded:  | Method: POST | RequestURI: /create
2023/12/15 16:44:45 Origin: http://localhost | Forwarded:  | Method: GET | RequestURI: /posts
2023/12/15 16:44:52 Origin: http://localhost | Forwarded:  | Method: OPTIONS | RequestURI: /posts/3/update
2023/12/15 16:44:52 Origin: http://localhost | Forwarded:  | Method: POST | RequestURI: /posts/3/update
2023/12/15 16:44:53 Origin: http://localhost | Forwarded:  | Method: POST | RequestURI: /posts/3/update
2023/12/15 16:46:34 database initialized
2023/12/15 16:46:43 Origin: http://localhost | Forwarded:  | Method: GET | RequestURI: /posts
2023/12/15 16:46:57 Origin: http://localhost | Forwarded:  | Method: OPTIONS | RequestURI: /create
2023/12/15 16:46:57 Origin: http://localhost | Forwarded:  | Method: POST | RequestURI: /create
2023/12/15 16:46:57 Origin: http://localhost | Forwarded:  | Method: GET | RequestURI: /posts
2023/12/15 16:47:00 Origin: http://localhost | Forwarded:  | Method: OPTIONS | RequestURI: /posts/1/update
2023/12/15 16:47:00 Origin: http://localhost | Forwarded:  | Method: POST | RequestURI: /posts/1/update
2023/12/15 16:47:01 Origin: http://localhost | Forwarded:  | Method: POST | RequestURI: /posts/1/update
2023/12/15 16:47:12 Origin: http://localhost | Forwarded:  | Method: OPTIONS | RequestURI: /create
2023/12/15 16:47:12 Origin: http://localhost | Forwarded:  | Method: POST | RequestURI: /create
2023/12/15 16:47:12 Origin: http://localhost | Forwarded:  | Method: GET | RequestURI: /posts
2023/12/15 16:47:15 Origin: http://localhost | Forwarded:  | Method: OPTIONS | RequestURI: /posts/2/update
2023/12/15 16:47:15 Origin: http://localhost | Forwarded:  | Method: POST | RequestURI: /posts/2/update
2023/12/15 16:47:15 Origin: http://localhost | Forwarded:  | Method: POST | RequestURI: /posts/2/update
2023/12/15 16:53:01 database initialized
2023/12/15 16:53:06 Origin: http://localhost | Forwarded:  | Method: GET | RequestURI: /posts
2023/12/15 16:53:20 Origin: http://localhost | Forwarded:  | Method: OPTIONS | RequestURI: /create
2023/12/15 16:53:20 Origin: http://localhost | Forwarded:  | Method: POST | RequestURI: /create
2023/12/15 16:53:20 Origin: http://localhost | Forwarded:  | Method: GET | RequestURI: /posts
2023/12/15 16:53:24 Origin: http://localhost | Forwarded:  | Method: OPTIONS | RequestURI: /posts/1/update
2023/12/15 16:53:24 Origin: http://localhost | Forwarded:  | Method: POST | RequestURI: /posts/1/update
2023/12/15 16:54:15 Origin: http://localhost | Forwarded:  | Method: OPTIONS | RequestURI: /user/registration
2023/12/15 16:54:15 Origin: http://localhost | Forwarded:  | Method: POST | RequestURI: /user/registration
2023/12/15 16:54:15 1
2023/12/15 16:54:15 Error when register user: len of password should be > 8
2023/12/15 16:54:23 Origin: http://localhost | Forwarded:  | Method: OPTIONS | RequestURI: /user/registration
2023/12/15 16:54:23 Origin: http://localhost | Forwarded:  | Method: POST | RequestURI: /user/registration
2023/12/15 16:54:23 123456789
2023/12/15 16:54:27 Origin: http://localhost | Forwarded:  | Method: GET | RequestURI: /posts
2023/12/16 15:38:34 database initialized
2023/12/16 15:38:49 Origin: http://localhost | Forwarded:  | Method: GET | RequestURI: /posts
2023/12/16 15:42:27 Origin: http://158.160.18.237:3000 | Forwarded:  | Method: GET | RequestURI: /posts
2023/12/16 15:42:49 Origin: http://158.160.18.237:3000 | Forwarded:  | Method: OPTIONS | RequestURI: /create
2023/12/16 15:42:49 Origin: http://158.160.18.237:3000 | Forwarded:  | Method: POST | RequestURI: /create
2023/12/16 15:42:49 Origin: http://158.160.18.237:3000 | Forwarded:  | Method: GET | RequestURI: /posts
2023/12/16 15:53:45 Origin: http://158.160.18.237 | Forwarded:  | Method: GET | RequestURI: /posts
2023/12/16 15:54:34 Origin: http://158.160.18.237 | Forwarded:  | Method: OPTIONS | RequestURI: /posts/1/update
2023/12/16 15:54:34 Origin: http://158.160.18.237 | Forwarded:  | Method: POST | RequestURI: /posts/1/update
2023/12/16 15:54:39 Origin: http://158.160.18.237 | Forwarded:  | Method: POST | RequestURI: /posts/1/update
2023/12/16 15:54:55 Origin: http://158.160.18.237 | Forwarded:  | Method: OPTIONS | RequestURI: /user/registration
2023/12/16 15:54:55 Origin: http://158.160.18.237 | Forwarded:  | Method: POST | RequestURI: /user/registration
2023/12/16 15:54:55 mashamashamasha
2023/12/16 15:54:58 Origin: http://158.160.18.237 | Forwarded:  | Method: GET | RequestURI: /posts
2023/12/16 15:55:22 Origin: http://158.160.18.237 | Forwarded:  | Method: GET | RequestURI: /posts
2023/12/16 15:56:29 Origin: http://158.160.18.237 | Forwarded:  | Method: GET | RequestURI: /posts
2023/12/16 16:01:44 Origin: http://158.160.18.237 | Forwarded:  | Method: GET | RequestURI: /posts
2023/12/16 16:02:03 Origin: http://158.160.18.237 | Forwarded:  | Method: GET | RequestURI: /posts
