2023/12/15 14:43:49 [notice] 1#1: using the "epoll" event method
2023/12/15 14:43:49 [notice] 1#1: nginx/1.25.3
2023/12/15 14:43:49 [notice] 1#1: built by gcc 12.2.0 (Debian 12.2.0-14) 
2023/12/15 14:43:49 [notice] 1#1: OS: Linux 5.15.133-1-MANJARO
2023/12/15 14:43:49 [notice] 1#1: getrlimit(RLIMIT_NOFILE): 1073741816:1073741816
2023/12/15 14:43:49 [notice] 1#1: start worker processes
2023/12/15 14:43:49 [notice] 1#1: start worker process 20
2023/12/15 14:43:49 [notice] 1#1: start worker process 21
2023/12/15 14:43:49 [notice] 1#1: start worker process 22
2023/12/15 14:43:49 [notice] 1#1: start worker process 23
2023/12/15 14:43:49 [notice] 1#1: start worker process 24
2023/12/15 14:43:49 [notice] 1#1: start worker process 25
2023/12/15 14:43:49 [notice] 1#1: start worker process 26
2023/12/15 14:43:49 [notice] 1#1: start worker process 27
2023/12/15 14:43:49 [notice] 1#1: start worker process 28
2023/12/15 14:43:49 [notice] 1#1: start worker process 29
2023/12/15 14:43:49 [notice] 1#1: start worker process 30
2023/12/15 14:43:49 [notice] 1#1: start worker process 31
2023/12/15 14:43:49 [notice] 1#1: start worker process 32
2023/12/15 14:43:49 [notice] 1#1: start worker process 33
2023/12/15 14:43:49 [notice] 1#1: start worker process 34
2023/12/15 14:43:49 [notice] 1#1: start worker process 35
2023/12/15 14:56:18 [notice] 1#1: signal 3 (SIGQUIT) received, shutting down
2023/12/15 14:56:18 [notice] 21#21: gracefully shutting down
2023/12/15 14:56:18 [notice] 23#23: gracefully shutting down
2023/12/15 14:56:18 [notice] 22#22: gracefully shutting down
2023/12/15 14:56:18 [notice] 26#26: gracefully shutting down
2023/12/15 14:56:18 [notice] 28#28: gracefully shutting down
2023/12/15 14:56:18 [notice] 25#25: gracefully shutting down
2023/12/15 14:56:18 [notice] 24#24: gracefully shutting down
2023/12/15 14:56:18 [notice] 27#27: gracefully shutting down
2023/12/15 14:56:18 [notice] 21#21: exiting
2023/12/15 14:56:18 [notice] 30#30: gracefully shutting down
2023/12/15 14:56:18 [notice] 29#29: gracefully shutting down
2023/12/15 14:56:18 [notice] 23#23: exiting
2023/12/15 14:56:18 [notice] 31#31: gracefully shutting down
2023/12/15 14:56:18 [notice] 33#33: gracefully shutting down
2023/12/15 14:56:18 [notice] 22#22: exiting
2023/12/15 14:56:18 [notice] 26#26: exiting
2023/12/15 14:56:18 [notice] 34#34: gracefully shutting down
2023/12/15 14:56:18 [notice] 28#28: exiting
2023/12/15 14:56:18 [notice] 25#25: exiting
2023/12/15 14:56:18 [notice] 24#24: exiting
2023/12/15 14:56:18 [notice] 27#27: exiting
2023/12/15 14:56:18 [notice] 30#30: exiting
2023/12/15 14:56:18 [notice] 29#29: exiting
2023/12/15 14:56:18 [notice] 21#21: exit
2023/12/15 14:56:18 [notice] 31#31: exiting
2023/12/15 14:56:18 [notice] 33#33: exiting
2023/12/15 14:56:18 [notice] 23#23: exit
2023/12/15 14:56:18 [notice] 34#34: exiting
2023/12/15 14:56:18 [notice] 26#26: exit
2023/12/15 14:56:18 [notice] 22#22: exit
2023/12/15 14:56:18 [notice] 25#25: exit
2023/12/15 14:56:18 [notice] 28#28: exit
2023/12/15 14:56:18 [notice] 24#24: exit
2023/12/15 14:56:18 [notice] 27#27: exit
2023/12/15 14:56:18 [notice] 30#30: exit
2023/12/15 14:56:18 [notice] 31#31: exit
2023/12/15 14:56:18 [notice] 33#33: exit
2023/12/15 14:56:18 [notice] 29#29: exit
2023/12/15 14:56:18 [notice] 34#34: exit
2023/12/15 14:56:18 [notice] 35#35: gracefully shutting down
2023/12/15 14:56:18 [notice] 32#32: gracefully shutting down
2023/12/15 14:56:18 [notice] 35#35: exiting
2023/12/15 14:56:18 [notice] 32#32: exiting
2023/12/15 14:56:18 [notice] 32#32: exit
2023/12/15 14:56:18 [notice] 35#35: exit
2023/12/15 14:56:18 [notice] 20#20: gracefully shutting down
2023/12/15 14:56:18 [notice] 20#20: exiting
2023/12/15 14:56:18 [notice] 20#20: exit
2023/12/15 14:56:18 [notice] 1#1: signal 17 (SIGCHLD) received from 21
2023/12/15 14:56:18 [notice] 1#1: worker process 20 exited with code 0
2023/12/15 14:56:18 [notice] 1#1: worker process 21 exited with code 0
2023/12/15 14:56:18 [notice] 1#1: worker process 28 exited with code 0
2023/12/15 14:56:18 [notice] 1#1: worker process 30 exited with code 0
2023/12/15 14:56:18 [notice] 1#1: signal 29 (SIGIO) received
2023/12/15 14:56:18 [notice] 1#1: signal 17 (SIGCHLD) received from 28
2023/12/15 14:56:18 [notice] 1#1: worker process 33 exited with code 0
2023/12/15 14:56:18 [notice] 1#1: worker process 35 exited with code 0
2023/12/15 14:56:18 [notice] 1#1: signal 29 (SIGIO) received
2023/12/15 14:56:18 [notice] 1#1: signal 17 (SIGCHLD) received from 27
2023/12/15 14:56:18 [notice] 1#1: worker process 27 exited with code 0
2023/12/15 14:56:18 [notice] 1#1: worker process 32 exited with code 0
2023/12/15 14:56:18 [notice] 1#1: signal 29 (SIGIO) received
2023/12/15 14:56:18 [notice] 1#1: signal 17 (SIGCHLD) received from 23
2023/12/15 14:56:18 [notice] 1#1: worker process 23 exited with code 0
2023/12/15 14:56:18 [notice] 1#1: signal 29 (SIGIO) received
2023/12/15 14:56:18 [notice] 1#1: signal 17 (SIGCHLD) received from 31
2023/12/15 14:56:18 [notice] 1#1: worker process 31 exited with code 0
2023/12/15 14:56:18 [notice] 1#1: signal 29 (SIGIO) received
2023/12/15 14:56:18 [notice] 1#1: signal 17 (SIGCHLD) received from 22
2023/12/15 14:56:18 [notice] 1#1: worker process 22 exited with code 0
2023/12/15 14:56:18 [notice] 1#1: signal 29 (SIGIO) received
2023/12/15 14:56:18 [notice] 1#1: signal 17 (SIGCHLD) received from 26
2023/12/15 14:56:18 [notice] 1#1: worker process 26 exited with code 0
2023/12/15 14:56:18 [notice] 1#1: signal 29 (SIGIO) received
2023/12/15 14:56:18 [notice] 1#1: signal 17 (SIGCHLD) received from 29
2023/12/15 14:56:18 [notice] 1#1: worker process 24 exited with code 0
2023/12/15 14:56:18 [notice] 1#1: worker process 29 exited with code 0
2023/12/15 14:56:18 [notice] 1#1: signal 29 (SIGIO) received
2023/12/15 14:56:18 [notice] 1#1: signal 17 (SIGCHLD) received from 24
2023/12/15 14:56:18 [notice] 1#1: signal 17 (SIGCHLD) received from 34
2023/12/15 14:56:18 [notice] 1#1: worker process 34 exited with code 0
2023/12/15 14:56:18 [notice] 1#1: signal 29 (SIGIO) received
2023/12/15 14:56:18 [notice] 1#1: signal 17 (SIGCHLD) received from 25
2023/12/15 14:56:18 [notice] 1#1: worker process 25 exited with code 0
2023/12/15 14:56:18 [notice] 1#1: exit
2023/12/15 15:00:31 [notice] 1#1: using the "epoll" event method
2023/12/15 15:00:31 [notice] 1#1: nginx/1.25.3
2023/12/15 15:00:31 [notice] 1#1: built by gcc 12.2.0 (Debian 12.2.0-14) 
2023/12/15 15:00:31 [notice] 1#1: OS: Linux 5.15.133-1-MANJARO
2023/12/15 15:00:31 [notice] 1#1: getrlimit(RLIMIT_NOFILE): 1073741816:1073741816
2023/12/15 15:00:31 [notice] 1#1: start worker processes
2023/12/15 15:00:31 [notice] 1#1: start worker process 20
2023/12/15 15:00:31 [notice] 1#1: start worker process 21
2023/12/15 15:00:31 [notice] 1#1: start worker process 22
2023/12/15 15:00:31 [notice] 1#1: start worker process 23
2023/12/15 15:00:31 [notice] 1#1: start worker process 24
2023/12/15 15:00:31 [notice] 1#1: start worker process 25
2023/12/15 15:00:31 [notice] 1#1: start worker process 26
2023/12/15 15:00:31 [notice] 1#1: start worker process 27
2023/12/15 15:00:31 [notice] 1#1: start worker process 28
2023/12/15 15:00:31 [notice] 1#1: start worker process 29
2023/12/15 15:00:31 [notice] 1#1: start worker process 30
2023/12/15 15:00:31 [notice] 1#1: start worker process 31
2023/12/15 15:00:31 [notice] 1#1: start worker process 32
2023/12/15 15:00:31 [notice] 1#1: start worker process 33
2023/12/15 15:00:31 [notice] 1#1: start worker process 34
2023/12/15 15:00:31 [notice] 1#1: start worker process 35
2023/12/15 15:05:54 [notice] 1#1: signal 3 (SIGQUIT) received, shutting down
2023/12/15 15:05:54 [notice] 22#22: gracefully shutting down
2023/12/15 15:05:54 [notice] 23#23: gracefully shutting down
2023/12/15 15:05:54 [notice] 24#24: gracefully shutting down
2023/12/15 15:05:54 [notice] 21#21: gracefully shutting down
2023/12/15 15:05:54 [notice] 20#20: gracefully shutting down
2023/12/15 15:05:54 [notice] 28#28: gracefully shutting down
2023/12/15 15:05:54 [notice] 27#27: gracefully shutting down
2023/12/15 15:05:54 [notice] 29#29: gracefully shutting down
2023/12/15 15:05:54 [notice] 22#22: exiting
2023/12/15 15:05:54 [notice] 23#23: exiting
2023/12/15 15:05:54 [notice] 32#32: gracefully shutting down
2023/12/15 15:05:54 [notice] 24#24: exiting
2023/12/15 15:05:54 [notice] 35#35: gracefully shutting down
2023/12/15 15:05:54 [notice] 33#33: gracefully shutting down
2023/12/15 15:05:54 [notice] 26#26: gracefully shutting down
2023/12/15 15:05:54 [notice] 21#21: exiting
2023/12/15 15:05:54 [notice] 20#20: exiting
2023/12/15 15:05:54 [notice] 28#28: exiting
2023/12/15 15:05:54 [notice] 27#27: exiting
2023/12/15 15:05:54 [notice] 29#29: exiting
2023/12/15 15:05:54 [notice] 34#34: gracefully shutting down
2023/12/15 15:05:54 [notice] 22#22: exit
2023/12/15 15:05:54 [notice] 32#32: exiting
2023/12/15 15:05:54 [notice] 35#35: exiting
2023/12/15 15:05:54 [notice] 23#23: exit
2023/12/15 15:05:54 [notice] 33#33: exiting
2023/12/15 15:05:54 [notice] 24#24: exit
2023/12/15 15:05:54 [notice] 26#26: exiting
2023/12/15 15:05:54 [notice] 27#27: exit
2023/12/15 15:05:54 [notice] 34#34: exiting
2023/12/15 15:05:54 [notice] 21#21: exit
2023/12/15 15:05:54 [notice] 29#29: exit
2023/12/15 15:05:54 [notice] 20#20: exit
2023/12/15 15:05:54 [notice] 28#28: exit
2023/12/15 15:05:54 [notice] 35#35: exit
2023/12/15 15:05:54 [notice] 32#32: exit
2023/12/15 15:05:54 [notice] 33#33: exit
2023/12/15 15:05:54 [notice] 26#26: exit
2023/12/15 15:05:54 [notice] 34#34: exit
2023/12/15 15:05:54 [notice] 31#31: gracefully shutting down
2023/12/15 15:05:54 [notice] 31#31: exiting
2023/12/15 15:05:54 [notice] 31#31: exit
2023/12/15 15:05:54 [notice] 25#25: gracefully shutting down
2023/12/15 15:05:54 [notice] 25#25: exiting
2023/12/15 15:05:54 [notice] 25#25: exit
2023/12/15 15:05:54 [notice] 30#30: gracefully shutting down
2023/12/15 15:05:54 [notice] 30#30: exiting
2023/12/15 15:05:54 [notice] 30#30: exit
2023/12/15 15:05:54 [notice] 1#1: signal 17 (SIGCHLD) received from 33
2023/12/15 15:05:54 [notice] 1#1: worker process 33 exited with code 0
2023/12/15 15:05:54 [notice] 1#1: signal 29 (SIGIO) received
2023/12/15 15:05:54 [notice] 1#1: signal 17 (SIGCHLD) received from 24
2023/12/15 15:05:54 [notice] 1#1: worker process 23 exited with code 0
2023/12/15 15:05:54 [notice] 1#1: worker process 24 exited with code 0
2023/12/15 15:05:54 [notice] 1#1: worker process 29 exited with code 0
2023/12/15 15:05:54 [notice] 1#1: signal 29 (SIGIO) received
2023/12/15 15:05:54 [notice] 1#1: signal 17 (SIGCHLD) received from 23
2023/12/15 15:05:54 [notice] 1#1: worker process 26 exited with code 0
2023/12/15 15:05:54 [notice] 1#1: worker process 34 exited with code 0
2023/12/15 15:05:54 [notice] 1#1: signal 29 (SIGIO) received
2023/12/15 15:05:54 [notice] 1#1: signal 17 (SIGCHLD) received from 27
2023/12/15 15:05:54 [notice] 1#1: worker process 27 exited with code 0
2023/12/15 15:05:54 [notice] 1#1: signal 29 (SIGIO) received
2023/12/15 15:05:54 [notice] 1#1: signal 17 (SIGCHLD) received from 25
2023/12/15 15:05:54 [notice] 1#1: worker process 25 exited with code 0
2023/12/15 15:05:54 [notice] 1#1: signal 29 (SIGIO) received
2023/12/15 15:05:54 [notice] 1#1: signal 17 (SIGCHLD) received from 30
2023/12/15 15:05:54 [notice] 1#1: worker process 30 exited with code 0
2023/12/15 15:05:54 [notice] 1#1: signal 29 (SIGIO) received
2023/12/15 15:05:54 [notice] 1#1: signal 17 (SIGCHLD) received from 22
2023/12/15 15:05:54 [notice] 1#1: worker process 22 exited with code 0
2023/12/15 15:05:54 [notice] 1#1: signal 29 (SIGIO) received
2023/12/15 15:05:54 [notice] 1#1: signal 17 (SIGCHLD) received from 31
2023/12/15 15:05:54 [notice] 1#1: worker process 21 exited with code 0
2023/12/15 15:05:54 [notice] 1#1: worker process 31 exited with code 0
2023/12/15 15:05:54 [notice] 1#1: signal 29 (SIGIO) received
2023/12/15 15:05:54 [notice] 1#1: signal 17 (SIGCHLD) received from 21
2023/12/15 15:05:54 [notice] 1#1: signal 17 (SIGCHLD) received from 35
2023/12/15 15:05:54 [notice] 1#1: worker process 35 exited with code 0
2023/12/15 15:05:54 [notice] 1#1: signal 29 (SIGIO) received
2023/12/15 15:05:54 [notice] 1#1: signal 17 (SIGCHLD) received from 32
2023/12/15 15:05:54 [notice] 1#1: worker process 32 exited with code 0
2023/12/15 15:05:54 [notice] 1#1: signal 29 (SIGIO) received
2023/12/15 15:05:54 [notice] 1#1: signal 17 (SIGCHLD) received from 20
2023/12/15 15:05:54 [notice] 1#1: worker process 20 exited with code 0
2023/12/15 15:05:54 [notice] 1#1: signal 29 (SIGIO) received
2023/12/15 15:05:54 [notice] 1#1: signal 17 (SIGCHLD) received from 28
2023/12/15 15:05:54 [notice] 1#1: worker process 28 exited with code 0
2023/12/15 15:05:54 [notice] 1#1: exit
2023/12/15 15:07:26 [notice] 1#1: using the "epoll" event method
2023/12/15 15:07:26 [notice] 1#1: nginx/1.25.3
2023/12/15 15:07:26 [notice] 1#1: built by gcc 12.2.0 (Debian 12.2.0-14) 
2023/12/15 15:07:26 [notice] 1#1: OS: Linux 5.15.133-1-MANJARO
2023/12/15 15:07:26 [notice] 1#1: getrlimit(RLIMIT_NOFILE): 1073741816:1073741816
2023/12/15 15:07:26 [notice] 1#1: start worker processes
2023/12/15 15:07:26 [notice] 1#1: start worker process 20
2023/12/15 15:07:26 [notice] 1#1: start worker process 21
2023/12/15 15:07:26 [notice] 1#1: start worker process 22
2023/12/15 15:07:26 [notice] 1#1: start worker process 23
2023/12/15 15:07:26 [notice] 1#1: start worker process 24
2023/12/15 15:07:26 [notice] 1#1: start worker process 25
2023/12/15 15:07:26 [notice] 1#1: start worker process 26
2023/12/15 15:07:26 [notice] 1#1: start worker process 27
2023/12/15 15:07:26 [notice] 1#1: start worker process 28
2023/12/15 15:07:26 [notice] 1#1: start worker process 29
2023/12/15 15:07:26 [notice] 1#1: start worker process 30
2023/12/15 15:07:26 [notice] 1#1: start worker process 31
2023/12/15 15:07:26 [notice] 1#1: start worker process 32
2023/12/15 15:07:26 [notice] 1#1: start worker process 33
2023/12/15 15:07:26 [notice] 1#1: start worker process 34
2023/12/15 15:07:26 [notice] 1#1: start worker process 35
2023/12/15 15:13:06 [notice] 1#1: signal 3 (SIGQUIT) received, shutting down
2023/12/15 15:13:06 [notice] 21#21: gracefully shutting down
2023/12/15 15:13:06 [notice] 22#22: gracefully shutting down
2023/12/15 15:13:06 [notice] 23#23: gracefully shutting down
2023/12/15 15:13:06 [notice] 24#24: gracefully shutting down
2023/12/15 15:13:06 [notice] 31#31: gracefully shutting down
2023/12/15 15:13:06 [notice] 25#25: gracefully shutting down
2023/12/15 15:13:06 [notice] 28#28: gracefully shutting down
2023/12/15 15:13:06 [notice] 27#27: gracefully shutting down
2023/12/15 15:13:06 [notice] 29#29: gracefully shutting down
2023/12/15 15:13:06 [notice] 21#21: exiting
2023/12/15 15:13:06 [notice] 22#22: exiting
2023/12/15 15:13:06 [notice] 27#27: exiting
2023/12/15 15:13:06 [notice] 32#32: gracefully shutting down
2023/12/15 15:13:06 [notice] 35#35: gracefully shutting down
2023/12/15 15:13:06 [notice] 23#23: exiting
2023/12/15 15:13:06 [notice] 24#24: exiting
2023/12/15 15:13:06 [notice] 26#26: gracefully shutting down
2023/12/15 15:13:06 [notice] 31#31: exiting
2023/12/15 15:13:06 [notice] 25#25: exiting
2023/12/15 15:13:06 [notice] 28#28: exiting
2023/12/15 15:13:06 [notice] 29#29: exiting
2023/12/15 15:13:06 [notice] 32#32: exiting
2023/12/15 15:13:06 [notice] 35#35: exiting
2023/12/15 15:13:06 [notice] 26#26: exiting
2023/12/15 15:13:06 [notice] 27#27: exit
2023/12/15 15:13:06 [notice] 21#21: exit
2023/12/15 15:13:06 [notice] 22#22: exit
2023/12/15 15:13:06 [notice] 23#23: exit
2023/12/15 15:13:06 [notice] 24#24: exit
2023/12/15 15:13:06 [notice] 25#25: exit
2023/12/15 15:13:06 [notice] 28#28: exit
2023/12/15 15:13:06 [notice] 31#31: exit
2023/12/15 15:13:06 [notice] 26#26: exit
2023/12/15 15:13:06 [notice] 29#29: exit
2023/12/15 15:13:06 [notice] 35#35: exit
2023/12/15 15:13:06 [notice] 32#32: exit
2023/12/15 15:13:06 [notice] 34#34: gracefully shutting down
2023/12/15 15:13:06 [notice] 34#34: exiting
2023/12/15 15:13:06 [notice] 30#30: gracefully shutting down
2023/12/15 15:13:06 [notice] 30#30: exiting
2023/12/15 15:13:06 [notice] 34#34: exit
2023/12/15 15:13:06 [notice] 30#30: exit
2023/12/15 15:13:06 [notice] 20#20: gracefully shutting down
2023/12/15 15:13:06 [notice] 33#33: gracefully shutting down
2023/12/15 15:13:06 [notice] 20#20: exiting
2023/12/15 15:13:06 [notice] 33#33: exiting
2023/12/15 15:13:06 [notice] 20#20: exit
2023/12/15 15:13:06 [notice] 33#33: exit
2023/12/15 15:13:06 [notice] 1#1: signal 17 (SIGCHLD) received from 30
2023/12/15 15:13:06 [notice] 1#1: worker process 30 exited with code 0
2023/12/15 15:13:06 [notice] 1#1: signal 29 (SIGIO) received
2023/12/15 15:13:06 [notice] 1#1: signal 17 (SIGCHLD) received from 35
2023/12/15 15:13:06 [notice] 1#1: worker process 35 exited with code 0
2023/12/15 15:13:06 [notice] 1#1: signal 29 (SIGIO) received
2023/12/15 15:13:06 [notice] 1#1: signal 17 (SIGCHLD) received from 23
2023/12/15 15:13:06 [notice] 1#1: worker process 23 exited with code 0
2023/12/15 15:13:06 [notice] 1#1: signal 29 (SIGIO) received
2023/12/15 15:13:06 [notice] 1#1: signal 17 (SIGCHLD) received from 20
2023/12/15 15:13:06 [notice] 1#1: worker process 20 exited with code 0
2023/12/15 15:13:06 [notice] 1#1: worker process 22 exited with code 0
2023/12/15 15:13:06 [notice] 1#1: signal 29 (SIGIO) received
2023/12/15 15:13:06 [notice] 1#1: signal 17 (SIGCHLD) received from 22
2023/12/15 15:13:06 [notice] 1#1: signal 17 (SIGCHLD) received from 31
2023/12/15 15:13:06 [notice] 1#1: worker process 31 exited with code 0
2023/12/15 15:13:06 [notice] 1#1: signal 29 (SIGIO) received
2023/12/15 15:13:06 [notice] 1#1: signal 17 (SIGCHLD) received from 33
2023/12/15 15:13:06 [notice] 1#1: worker process 25 exited with code 0
2023/12/15 15:13:06 [notice] 1#1: worker process 21 exited with code 0
2023/12/15 15:13:06 [notice] 1#1: worker process 27 exited with code 0
2023/12/15 15:13:06 [notice] 1#1: worker process 28 exited with code 0
2023/12/15 15:13:06 [notice] 1#1: worker process 33 exited with code 0
2023/12/15 15:13:06 [notice] 1#1: signal 29 (SIGIO) received
2023/12/15 15:13:06 [notice] 1#1: signal 17 (SIGCHLD) received from 25
2023/12/15 15:13:06 [notice] 1#1: signal 17 (SIGCHLD) received from 24
2023/12/15 15:13:06 [notice] 1#1: worker process 24 exited with code 0
2023/12/15 15:13:06 [notice] 1#1: signal 29 (SIGIO) received
2023/12/15 15:13:06 [notice] 1#1: signal 17 (SIGCHLD) received from 34
2023/12/15 15:13:06 [notice] 1#1: worker process 29 exited with code 0
2023/12/15 15:13:06 [notice] 1#1: worker process 32 exited with code 0
2023/12/15 15:13:06 [notice] 1#1: worker process 34 exited with code 0
2023/12/15 15:13:06 [notice] 1#1: signal 29 (SIGIO) received
2023/12/15 15:13:06 [notice] 1#1: signal 17 (SIGCHLD) received from 29
2023/12/15 15:13:06 [notice] 1#1: signal 17 (SIGCHLD) received from 26
2023/12/15 15:13:06 [notice] 1#1: worker process 26 exited with code 0
2023/12/15 15:13:06 [notice] 1#1: exit
2023/12/15 16:08:09 [notice] 1#1: using the "epoll" event method
2023/12/15 16:08:09 [notice] 1#1: nginx/1.25.3
2023/12/15 16:08:09 [notice] 1#1: built by gcc 12.2.0 (Debian 12.2.0-14) 
2023/12/15 16:08:09 [notice] 1#1: OS: Linux 5.15.133-1-MANJARO
2023/12/15 16:08:09 [notice] 1#1: getrlimit(RLIMIT_NOFILE): 1073741816:1073741816
2023/12/15 16:08:09 [notice] 1#1: start worker processes
2023/12/15 16:08:09 [notice] 1#1: start worker process 20
2023/12/15 16:08:09 [notice] 1#1: start worker process 21
2023/12/15 16:08:09 [notice] 1#1: start worker process 22
2023/12/15 16:08:09 [notice] 1#1: start worker process 23
2023/12/15 16:08:09 [notice] 1#1: start worker process 24
2023/12/15 16:08:09 [notice] 1#1: start worker process 25
2023/12/15 16:08:09 [notice] 1#1: start worker process 26
2023/12/15 16:08:09 [notice] 1#1: start worker process 27
2023/12/15 16:08:09 [notice] 1#1: start worker process 28
2023/12/15 16:08:09 [notice] 1#1: start worker process 29
2023/12/15 16:08:09 [notice] 1#1: start worker process 30
2023/12/15 16:08:09 [notice] 1#1: start worker process 31
2023/12/15 16:08:09 [notice] 1#1: start worker process 32
2023/12/15 16:08:09 [notice] 1#1: start worker process 33
2023/12/15 16:08:09 [notice] 1#1: start worker process 34
2023/12/15 16:08:09 [notice] 1#1: start worker process 35
2023/12/15 16:10:03 [notice] 1#1: signal 3 (SIGQUIT) received, shutting down
2023/12/15 16:10:03 [notice] 20#20: gracefully shutting down
2023/12/15 16:10:03 [notice] 22#22: gracefully shutting down
2023/12/15 16:10:03 [notice] 21#21: gracefully shutting down
2023/12/15 16:10:03 [notice] 25#25: gracefully shutting down
2023/12/15 16:10:03 [notice] 27#27: gracefully shutting down
2023/12/15 16:10:03 [notice] 20#20: exiting
2023/12/15 16:10:03 [notice] 28#28: gracefully shutting down
2023/12/15 16:10:03 [notice] 22#22: exiting
2023/12/15 16:10:03 [notice] 23#23: gracefully shutting down
2023/12/15 16:10:03 [notice] 30#30: gracefully shutting down
2023/12/15 16:10:03 [notice] 31#31: gracefully shutting down
2023/12/15 16:10:03 [notice] 21#21: exiting
2023/12/15 16:10:03 [notice] 25#25: exiting
2023/12/15 16:10:03 [notice] 26#26: gracefully shutting down
2023/12/15 16:10:03 [notice] 34#34: gracefully shutting down
2023/12/15 16:10:03 [notice] 29#29: gracefully shutting down
2023/12/15 16:10:03 [notice] 27#27: exiting
2023/12/15 16:10:03 [notice] 28#28: exiting
2023/12/15 16:10:03 [notice] 20#20: exit
2023/12/15 16:10:03 [notice] 22#22: exit
2023/12/15 16:10:03 [notice] 23#23: exiting
2023/12/15 16:10:03 [notice] 30#30: exiting
2023/12/15 16:10:03 [notice] 31#31: exiting
2023/12/15 16:10:03 [notice] 21#21: exit
2023/12/15 16:10:03 [notice] 26#26: exiting
2023/12/15 16:10:03 [notice] 33#33: gracefully shutting down
2023/12/15 16:10:03 [notice] 25#25: exit
2023/12/15 16:10:03 [notice] 34#34: exiting
2023/12/15 16:10:03 [notice] 29#29: exiting
2023/12/15 16:10:03 [notice] 27#27: exit
2023/12/15 16:10:03 [notice] 28#28: exit
2023/12/15 16:10:03 [notice] 33#33: exiting
2023/12/15 16:10:03 [notice] 23#23: exit
2023/12/15 16:10:03 [notice] 31#31: exit
2023/12/15 16:10:03 [notice] 30#30: exit
2023/12/15 16:10:03 [notice] 29#29: exit
2023/12/15 16:10:03 [notice] 26#26: exit
2023/12/15 16:10:03 [notice] 34#34: exit
2023/12/15 16:10:03 [notice] 33#33: exit
2023/12/15 16:10:03 [notice] 24#24: gracefully shutting down
2023/12/15 16:10:03 [notice] 32#32: gracefully shutting down
2023/12/15 16:10:03 [notice] 35#35: gracefully shutting down
2023/12/15 16:10:03 [notice] 24#24: exiting
2023/12/15 16:10:03 [notice] 32#32: exiting
2023/12/15 16:10:03 [notice] 35#35: exiting
2023/12/15 16:10:03 [notice] 24#24: exit
2023/12/15 16:10:03 [notice] 32#32: exit
2023/12/15 16:10:03 [notice] 35#35: exit
2023/12/15 16:10:03 [notice] 1#1: signal 17 (SIGCHLD) received from 25
2023/12/15 16:10:03 [notice] 1#1: worker process 25 exited with code 0
2023/12/15 16:10:03 [notice] 1#1: worker process 28 exited with code 0
2023/12/15 16:10:03 [notice] 1#1: signal 29 (SIGIO) received
2023/12/15 16:10:03 [notice] 1#1: signal 17 (SIGCHLD) received from 28
2023/12/15 16:10:03 [notice] 1#1: signal 17 (SIGCHLD) received from 33
2023/12/15 16:10:03 [notice] 1#1: worker process 33 exited with code 0
2023/12/15 16:10:03 [notice] 1#1: signal 29 (SIGIO) received
2023/12/15 16:10:03 [notice] 1#1: signal 17 (SIGCHLD) received from 31
2023/12/15 16:10:03 [notice] 1#1: worker process 31 exited with code 0
2023/12/15 16:10:03 [notice] 1#1: signal 29 (SIGIO) received
2023/12/15 16:10:03 [notice] 1#1: signal 17 (SIGCHLD) received from 29
2023/12/15 16:10:03 [notice] 1#1: worker process 29 exited with code 0
2023/12/15 16:10:03 [notice] 1#1: worker process 35 exited with code 0
2023/12/15 16:10:03 [notice] 1#1: signal 29 (SIGIO) received
2023/12/15 16:10:03 [notice] 1#1: signal 17 (SIGCHLD) received from 35
2023/12/15 16:10:03 [notice] 1#1: worker process 22 exited with code 0
2023/12/15 16:10:03 [notice] 1#1: signal 29 (SIGIO) received
2023/12/15 16:10:03 [notice] 1#1: signal 17 (SIGCHLD) received from 34
2023/12/15 16:10:03 [notice] 1#1: worker process 34 exited with code 0
2023/12/15 16:10:03 [notice] 1#1: signal 29 (SIGIO) received
2023/12/15 16:10:03 [notice] 1#1: signal 17 (SIGCHLD) received from 24
2023/12/15 16:10:03 [notice] 1#1: worker process 24 exited with code 0
2023/12/15 16:10:03 [notice] 1#1: signal 29 (SIGIO) received
2023/12/15 16:10:03 [notice] 1#1: signal 17 (SIGCHLD) received from 26
2023/12/15 16:10:03 [notice] 1#1: worker process 26 exited with code 0
2023/12/15 16:10:03 [notice] 1#1: signal 29 (SIGIO) received
2023/12/15 16:10:03 [notice] 1#1: signal 17 (SIGCHLD) received from 21
2023/12/15 16:10:03 [notice] 1#1: worker process 20 exited with code 0
2023/12/15 16:10:03 [notice] 1#1: worker process 21 exited with code 0
2023/12/15 16:10:03 [notice] 1#1: worker process 23 exited with code 0
2023/12/15 16:10:03 [notice] 1#1: worker process 30 exited with code 0
2023/12/15 16:10:03 [notice] 1#1: worker process 32 exited with code 0
2023/12/15 16:10:03 [notice] 1#1: signal 29 (SIGIO) received
2023/12/15 16:10:03 [notice] 1#1: signal 17 (SIGCHLD) received from 20
2023/12/15 16:10:03 [notice] 1#1: signal 17 (SIGCHLD) received from 27
2023/12/15 16:10:03 [notice] 1#1: worker process 27 exited with code 0
2023/12/15 16:10:03 [notice] 1#1: exit
2023/12/15 16:11:30 [notice] 1#1: using the "epoll" event method
2023/12/15 16:11:30 [notice] 1#1: nginx/1.25.3
2023/12/15 16:11:30 [notice] 1#1: built by gcc 12.2.0 (Debian 12.2.0-14) 
2023/12/15 16:11:30 [notice] 1#1: OS: Linux 5.15.133-1-MANJARO
2023/12/15 16:11:30 [notice] 1#1: getrlimit(RLIMIT_NOFILE): 1073741816:1073741816
2023/12/15 16:11:30 [notice] 1#1: start worker processes
2023/12/15 16:11:30 [notice] 1#1: start worker process 20
2023/12/15 16:11:30 [notice] 1#1: start worker process 21
2023/12/15 16:11:30 [notice] 1#1: start worker process 22
2023/12/15 16:11:30 [notice] 1#1: start worker process 23
2023/12/15 16:11:30 [notice] 1#1: start worker process 24
2023/12/15 16:11:30 [notice] 1#1: start worker process 25
2023/12/15 16:11:30 [notice] 1#1: start worker process 26
2023/12/15 16:11:30 [notice] 1#1: start worker process 27
2023/12/15 16:11:30 [notice] 1#1: start worker process 28
2023/12/15 16:11:30 [notice] 1#1: start worker process 29
2023/12/15 16:11:30 [notice] 1#1: start worker process 30
2023/12/15 16:11:30 [notice] 1#1: start worker process 31
2023/12/15 16:11:30 [notice] 1#1: start worker process 32
2023/12/15 16:11:30 [notice] 1#1: start worker process 33
2023/12/15 16:11:30 [notice] 1#1: start worker process 34
2023/12/15 16:11:30 [notice] 1#1: start worker process 35
2023/12/15 16:45:16 [notice] 1#1: signal 3 (SIGQUIT) received, shutting down
2023/12/15 16:45:16 [notice] 22#22: gracefully shutting down
2023/12/15 16:45:16 [notice] 21#21: gracefully shutting down
2023/12/15 16:45:16 [notice] 23#23: gracefully shutting down
2023/12/15 16:45:16 [notice] 24#24: gracefully shutting down
2023/12/15 16:45:16 [notice] 26#26: gracefully shutting down
2023/12/15 16:45:16 [notice] 25#25: gracefully shutting down
2023/12/15 16:45:16 [notice] 30#30: gracefully shutting down
2023/12/15 16:45:16 [notice] 21#21: exiting
2023/12/15 16:45:16 [notice] 23#23: exiting
2023/12/15 16:45:16 [notice] 31#31: gracefully shutting down
2023/12/15 16:45:16 [notice] 34#34: gracefully shutting down
2023/12/15 16:45:16 [notice] 33#33: gracefully shutting down
2023/12/15 16:45:16 [notice] 28#28: gracefully shutting down
2023/12/15 16:45:16 [notice] 24#24: exiting
2023/12/15 16:45:16 [notice] 29#29: gracefully shutting down
2023/12/15 16:45:16 [notice] 26#26: exiting
2023/12/15 16:45:16 [notice] 25#25: exiting
2023/12/15 16:45:16 [notice] 35#35: gracefully shutting down
2023/12/15 16:45:16 [notice] 30#30: exiting
2023/12/15 16:45:16 [notice] 21#21: exit
2023/12/15 16:45:16 [notice] 23#23: exit
2023/12/15 16:45:16 [notice] 31#31: exiting
2023/12/15 16:45:16 [notice] 33#33: exiting
2023/12/15 16:45:16 [notice] 22#22: exiting
2023/12/15 16:45:16 [notice] 28#28: exiting
2023/12/15 16:45:16 [notice] 24#24: exit
2023/12/15 16:45:16 [notice] 29#29: exiting
2023/12/15 16:45:16 [notice] 34#34: exiting
2023/12/15 16:45:16 [notice] 35#35: exiting
2023/12/15 16:45:16 [notice] 26#26: exit
2023/12/15 16:45:16 [notice] 25#25: exit
2023/12/15 16:45:16 [notice] 30#30: exit
2023/12/15 16:45:16 [notice] 31#31: exit
2023/12/15 16:45:16 [notice] 22#22: exit
2023/12/15 16:45:16 [notice] 29#29: exit
2023/12/15 16:45:16 [notice] 35#35: exit
2023/12/15 16:45:16 [notice] 28#28: exit
2023/12/15 16:45:16 [notice] 34#34: exit
2023/12/15 16:45:16 [notice] 33#33: exit
2023/12/15 16:45:16 [notice] 20#20: gracefully shutting down
2023/12/15 16:45:16 [notice] 32#32: gracefully shutting down
2023/12/15 16:45:16 [notice] 27#27: gracefully shutting down
2023/12/15 16:45:16 [notice] 20#20: exiting
2023/12/15 16:45:16 [notice] 32#32: exiting
2023/12/15 16:45:16 [notice] 27#27: exiting
2023/12/15 16:45:16 [notice] 32#32: exit
2023/12/15 16:45:16 [notice] 20#20: exit
2023/12/15 16:45:16 [notice] 27#27: exit
2023/12/15 16:45:16 [notice] 1#1: signal 17 (SIGCHLD) received from 33
2023/12/15 16:45:16 [notice] 1#1: worker process 33 exited with code 0
2023/12/15 16:45:16 [notice] 1#1: signal 29 (SIGIO) received
2023/12/15 16:45:16 [notice] 1#1: signal 17 (SIGCHLD) received from 30
2023/12/15 16:45:16 [notice] 1#1: worker process 30 exited with code 0
2023/12/15 16:45:16 [notice] 1#1: signal 29 (SIGIO) received
2023/12/15 16:45:16 [notice] 1#1: signal 17 (SIGCHLD) received from 31
2023/12/15 16:45:16 [notice] 1#1: worker process 31 exited with code 0
2023/12/15 16:45:16 [notice] 1#1: signal 29 (SIGIO) received
2023/12/15 16:45:16 [notice] 1#1: signal 17 (SIGCHLD) received from 29
2023/12/15 16:45:16 [notice] 1#1: worker process 25 exited with code 0
2023/12/15 16:45:16 [notice] 1#1: worker process 29 exited with code 0
2023/12/15 16:45:16 [notice] 1#1: worker process 32 exited with code 0
2023/12/15 16:45:16 [notice] 1#1: signal 29 (SIGIO) received
2023/12/15 16:45:16 [notice] 1#1: signal 17 (SIGCHLD) received from 25
2023/12/15 16:45:16 [notice] 1#1: worker process 26 exited with code 0
2023/12/15 16:45:16 [notice] 1#1: signal 29 (SIGIO) received
2023/12/15 16:45:16 [notice] 1#1: signal 17 (SIGCHLD) received from 22
2023/12/15 16:45:16 [notice] 1#1: worker process 22 exited with code 0
2023/12/15 16:45:16 [notice] 1#1: signal 29 (SIGIO) received
2023/12/15 16:45:16 [notice] 1#1: signal 17 (SIGCHLD) received from 21
2023/12/15 16:45:16 [notice] 1#1: worker process 20 exited with code 0
2023/12/15 16:45:16 [notice] 1#1: worker process 21 exited with code 0
2023/12/15 16:45:16 [notice] 1#1: worker process 23 exited with code 0
2023/12/15 16:45:16 [notice] 1#1: worker process 28 exited with code 0
2023/12/15 16:45:16 [notice] 1#1: worker process 35 exited with code 0
2023/12/15 16:45:16 [notice] 1#1: signal 29 (SIGIO) received
2023/12/15 16:45:16 [notice] 1#1: signal 17 (SIGCHLD) received from 20
2023/12/15 16:45:16 [notice] 1#1: worker process 24 exited with code 0
2023/12/15 16:45:16 [notice] 1#1: worker process 27 exited with code 0
2023/12/15 16:45:16 [notice] 1#1: signal 29 (SIGIO) received
2023/12/15 16:45:16 [notice] 1#1: signal 17 (SIGCHLD) received from 34
2023/12/15 16:45:16 [notice] 1#1: worker process 34 exited with code 0
2023/12/15 16:45:16 [notice] 1#1: exit
2023/12/15 16:46:34 [notice] 1#1: using the "epoll" event method
2023/12/15 16:46:34 [notice] 1#1: nginx/1.25.3
2023/12/15 16:46:34 [notice] 1#1: built by gcc 12.2.0 (Debian 12.2.0-14) 
2023/12/15 16:46:34 [notice] 1#1: OS: Linux 5.15.133-1-MANJARO
2023/12/15 16:46:34 [notice] 1#1: getrlimit(RLIMIT_NOFILE): 1073741816:1073741816
2023/12/15 16:46:34 [notice] 1#1: start worker processes
2023/12/15 16:46:34 [notice] 1#1: start worker process 20
2023/12/15 16:46:34 [notice] 1#1: start worker process 21
2023/12/15 16:46:34 [notice] 1#1: start worker process 22
2023/12/15 16:46:34 [notice] 1#1: start worker process 23
2023/12/15 16:46:34 [notice] 1#1: start worker process 24
2023/12/15 16:46:34 [notice] 1#1: start worker process 25
2023/12/15 16:46:34 [notice] 1#1: start worker process 26
2023/12/15 16:46:34 [notice] 1#1: start worker process 27
2023/12/15 16:46:34 [notice] 1#1: start worker process 28
2023/12/15 16:46:34 [notice] 1#1: start worker process 29
2023/12/15 16:46:34 [notice] 1#1: start worker process 30
2023/12/15 16:46:34 [notice] 1#1: start worker process 31
2023/12/15 16:46:34 [notice] 1#1: start worker process 32
2023/12/15 16:46:34 [notice] 1#1: start worker process 33
2023/12/15 16:46:34 [notice] 1#1: start worker process 34
2023/12/15 16:46:34 [notice] 1#1: start worker process 35
2023/12/15 16:51:14 [notice] 1#1: signal 3 (SIGQUIT) received, shutting down
2023/12/15 16:51:14 [notice] 21#21: gracefully shutting down
2023/12/15 16:51:14 [notice] 22#22: gracefully shutting down
2023/12/15 16:51:14 [notice] 23#23: gracefully shutting down
2023/12/15 16:51:14 [notice] 20#20: gracefully shutting down
2023/12/15 16:51:14 [notice] 24#24: gracefully shutting down
2023/12/15 16:51:14 [notice] 25#25: gracefully shutting down
2023/12/15 16:51:14 [notice] 28#28: gracefully shutting down
2023/12/15 16:51:14 [notice] 26#26: gracefully shutting down
2023/12/15 16:51:14 [notice] 21#21: exiting
2023/12/15 16:51:14 [notice] 31#31: gracefully shutting down
2023/12/15 16:51:14 [notice] 34#34: gracefully shutting down
2023/12/15 16:51:14 [notice] 27#27: gracefully shutting down
2023/12/15 16:51:14 [notice] 22#22: exiting
2023/12/15 16:51:14 [notice] 23#23: exiting
2023/12/15 16:51:14 [notice] 20#20: exiting
2023/12/15 16:51:14 [notice] 24#24: exiting
2023/12/15 16:51:14 [notice] 25#25: exiting
2023/12/15 16:51:14 [notice] 28#28: exiting
2023/12/15 16:51:14 [notice] 26#26: exiting
2023/12/15 16:51:14 [notice] 31#31: exiting
2023/12/15 16:51:14 [notice] 34#34: exiting
2023/12/15 16:51:14 [notice] 27#27: exiting
2023/12/15 16:51:14 [notice] 21#21: exit
2023/12/15 16:51:14 [notice] 22#22: exit
2023/12/15 16:51:14 [notice] 23#23: exit
2023/12/15 16:51:14 [notice] 25#25: exit
2023/12/15 16:51:14 [notice] 24#24: exit
2023/12/15 16:51:14 [notice] 31#31: exit
2023/12/15 16:51:14 [notice] 28#28: exit
2023/12/15 16:51:14 [notice] 27#27: exit
2023/12/15 16:51:14 [notice] 26#26: exit
2023/12/15 16:51:14 [notice] 20#20: exit
2023/12/15 16:51:14 [notice] 34#34: exit
2023/12/15 16:51:14 [notice] 30#30: gracefully shutting down
2023/12/15 16:51:14 [notice] 30#30: exiting
2023/12/15 16:51:14 [notice] 30#30: exit
2023/12/15 16:51:14 [notice] 32#32: gracefully shutting down
2023/12/15 16:51:14 [notice] 32#32: exiting
2023/12/15 16:51:14 [notice] 32#32: exit
2023/12/15 16:51:14 [notice] 35#35: gracefully shutting down
2023/12/15 16:51:14 [notice] 35#35: exiting
2023/12/15 16:51:14 [notice] 35#35: exit
2023/12/15 16:51:14 [notice] 33#33: gracefully shutting down
2023/12/15 16:51:14 [notice] 29#29: gracefully shutting down
2023/12/15 16:51:14 [notice] 33#33: exiting
2023/12/15 16:51:14 [notice] 29#29: exiting
2023/12/15 16:51:14 [notice] 33#33: exit
2023/12/15 16:51:14 [notice] 29#29: exit
2023/12/15 16:51:14 [notice] 1#1: signal 17 (SIGCHLD) received from 27
2023/12/15 16:51:14 [notice] 1#1: worker process 27 exited with code 0
2023/12/15 16:51:14 [notice] 1#1: signal 29 (SIGIO) received
2023/12/15 16:51:14 [notice] 1#1: signal 17 (SIGCHLD) received from 26
2023/12/15 16:51:14 [notice] 1#1: worker process 25 exited with code 0
2023/12/15 16:51:14 [notice] 1#1: worker process 26 exited with code 0
2023/12/15 16:51:14 [notice] 1#1: signal 29 (SIGIO) received
2023/12/15 16:51:14 [notice] 1#1: signal 17 (SIGCHLD) received from 30
2023/12/15 16:51:14 [notice] 1#1: worker process 30 exited with code 0
2023/12/15 16:51:14 [notice] 1#1: worker process 31 exited with code 0
2023/12/15 16:51:14 [notice] 1#1: signal 29 (SIGIO) received
2023/12/15 16:51:14 [notice] 1#1: signal 17 (SIGCHLD) received from 35
2023/12/15 16:51:14 [notice] 1#1: worker process 35 exited with code 0
2023/12/15 16:51:14 [notice] 1#1: signal 29 (SIGIO) received
2023/12/15 16:51:14 [notice] 1#1: signal 17 (SIGCHLD) received from 28
2023/12/15 16:51:14 [notice] 1#1: worker process 28 exited with code 0
2023/12/15 16:51:14 [notice] 1#1: signal 29 (SIGIO) received
2023/12/15 16:51:14 [notice] 1#1: signal 17 (SIGCHLD) received from 34
2023/12/15 16:51:14 [notice] 1#1: worker process 34 exited with code 0
2023/12/15 16:51:14 [notice] 1#1: signal 29 (SIGIO) received
2023/12/15 16:51:14 [notice] 1#1: signal 17 (SIGCHLD) received from 29
2023/12/15 16:51:14 [notice] 1#1: worker process 23 exited with code 0
2023/12/15 16:51:14 [notice] 1#1: worker process 29 exited with code 0
2023/12/15 16:51:14 [notice] 1#1: signal 29 (SIGIO) received
2023/12/15 16:51:14 [notice] 1#1: signal 17 (SIGCHLD) received from 21
2023/12/15 16:51:14 [notice] 1#1: worker process 21 exited with code 0
2023/12/15 16:51:14 [notice] 1#1: signal 29 (SIGIO) received
2023/12/15 16:51:14 [notice] 1#1: signal 17 (SIGCHLD) received from 32
2023/12/15 16:51:14 [notice] 1#1: worker process 32 exited with code 0
2023/12/15 16:51:14 [notice] 1#1: worker process 20 exited with code 0
2023/12/15 16:51:14 [notice] 1#1: worker process 24 exited with code 0
2023/12/15 16:51:14 [notice] 1#1: signal 29 (SIGIO) received
2023/12/15 16:51:14 [notice] 1#1: signal 17 (SIGCHLD) received from 24
2023/12/15 16:51:14 [notice] 1#1: signal 17 (SIGCHLD) received from 22
2023/12/15 16:51:14 [notice] 1#1: worker process 22 exited with code 0
2023/12/15 16:51:14 [notice] 1#1: signal 17 (SIGCHLD) received from 33
2023/12/15 16:51:14 [notice] 1#1: worker process 33 exited with code 0
2023/12/15 16:51:14 [notice] 1#1: exit
2023/12/15 16:53:01 [notice] 1#1: using the "epoll" event method
2023/12/15 16:53:01 [notice] 1#1: nginx/1.25.3
2023/12/15 16:53:01 [notice] 1#1: built by gcc 12.2.0 (Debian 12.2.0-14) 
2023/12/15 16:53:01 [notice] 1#1: OS: Linux 5.15.133-1-MANJARO
2023/12/15 16:53:01 [notice] 1#1: getrlimit(RLIMIT_NOFILE): 1073741816:1073741816
2023/12/15 16:53:01 [notice] 1#1: start worker processes
2023/12/15 16:53:01 [notice] 1#1: start worker process 20
2023/12/15 16:53:01 [notice] 1#1: start worker process 21
2023/12/15 16:53:01 [notice] 1#1: start worker process 22
2023/12/15 16:53:01 [notice] 1#1: start worker process 23
2023/12/15 16:53:01 [notice] 1#1: start worker process 24
2023/12/15 16:53:01 [notice] 1#1: start worker process 25
2023/12/15 16:53:01 [notice] 1#1: start worker process 26
2023/12/15 16:53:01 [notice] 1#1: start worker process 27
2023/12/15 16:53:01 [notice] 1#1: start worker process 28
2023/12/15 16:53:01 [notice] 1#1: start worker process 29
2023/12/15 16:53:01 [notice] 1#1: start worker process 30
2023/12/15 16:53:01 [notice] 1#1: start worker process 31
2023/12/15 16:53:01 [notice] 1#1: start worker process 32
2023/12/15 16:53:01 [notice] 1#1: start worker process 33
2023/12/15 16:53:01 [notice] 1#1: start worker process 34
2023/12/15 16:53:01 [notice] 1#1: start worker process 35
2023/12/15 16:57:05 [notice] 1#1: signal 3 (SIGQUIT) received, shutting down
2023/12/15 16:57:05 [notice] 20#20: gracefully shutting down
2023/12/15 16:57:05 [notice] 24#24: gracefully shutting down
2023/12/15 16:57:05 [notice] 22#22: gracefully shutting down
2023/12/15 16:57:05 [notice] 23#23: gracefully shutting down
2023/12/15 16:57:05 [notice] 21#21: gracefully shutting down
2023/12/15 16:57:05 [notice] 25#25: gracefully shutting down
2023/12/15 16:57:05 [notice] 27#27: gracefully shutting down
2023/12/15 16:57:05 [notice] 20#20: exiting
2023/12/15 16:57:05 [notice] 26#26: gracefully shutting down
2023/12/15 16:57:05 [notice] 22#22: exiting
2023/12/15 16:57:05 [notice] 24#24: exiting
2023/12/15 16:57:05 [notice] 23#23: exiting
2023/12/15 16:57:05 [notice] 30#30: gracefully shutting down
2023/12/15 16:57:05 [notice] 31#31: gracefully shutting down
2023/12/15 16:57:05 [notice] 35#35: gracefully shutting down
2023/12/15 16:57:05 [notice] 21#21: exiting
2023/12/15 16:57:05 [notice] 28#28: gracefully shutting down
2023/12/15 16:57:05 [notice] 25#25: exiting
2023/12/15 16:57:05 [notice] 27#27: exiting
2023/12/15 16:57:05 [notice] 24#24: exit
2023/12/15 16:57:05 [notice] 26#26: exiting
2023/12/15 16:57:05 [notice] 31#31: exiting
2023/12/15 16:57:05 [notice] 30#30: exiting
2023/12/15 16:57:05 [notice] 20#20: exit
2023/12/15 16:57:05 [notice] 23#23: exit
2023/12/15 16:57:05 [notice] 22#22: exit
2023/12/15 16:57:05 [notice] 35#35: exiting
2023/12/15 16:57:05 [notice] 28#28: exiting
2023/12/15 16:57:05 [notice] 25#25: exit
2023/12/15 16:57:05 [notice] 21#21: exit
2023/12/15 16:57:05 [notice] 27#27: exit
2023/12/15 16:57:05 [notice] 30#30: exit
2023/12/15 16:57:05 [notice] 31#31: exit
2023/12/15 16:57:05 [notice] 26#26: exit
2023/12/15 16:57:05 [notice] 35#35: exit
2023/12/15 16:57:05 [notice] 28#28: exit
2023/12/15 16:57:05 [notice] 34#34: gracefully shutting down
2023/12/15 16:57:05 [notice] 34#34: exiting
2023/12/15 16:57:05 [notice] 34#34: exit
2023/12/15 16:57:05 [notice] 29#29: gracefully shutting down
2023/12/15 16:57:05 [notice] 33#33: gracefully shutting down
2023/12/15 16:57:05 [notice] 32#32: gracefully shutting down
2023/12/15 16:57:05 [notice] 29#29: exiting
2023/12/15 16:57:05 [notice] 33#33: exiting
2023/12/15 16:57:05 [notice] 32#32: exiting
2023/12/15 16:57:05 [notice] 33#33: exit
2023/12/15 16:57:05 [notice] 29#29: exit
2023/12/15 16:57:05 [notice] 32#32: exit
2023/12/15 16:57:05 [notice] 1#1: signal 17 (SIGCHLD) received from 30
2023/12/15 16:57:05 [notice] 1#1: worker process 30 exited with code 0
2023/12/15 16:57:05 [notice] 1#1: signal 29 (SIGIO) received
2023/12/15 16:57:05 [notice] 1#1: signal 17 (SIGCHLD) received from 20
2023/12/15 16:57:05 [notice] 1#1: worker process 20 exited with code 0
2023/12/15 16:57:05 [notice] 1#1: worker process 24 exited with code 0
2023/12/15 16:57:05 [notice] 1#1: signal 29 (SIGIO) received
2023/12/15 16:57:05 [notice] 1#1: signal 17 (SIGCHLD) received from 34
2023/12/15 16:57:05 [notice] 1#1: worker process 27 exited with code 0
2023/12/15 16:57:05 [notice] 1#1: worker process 34 exited with code 0
2023/12/15 16:57:05 [notice] 1#1: signal 29 (SIGIO) received
2023/12/15 16:57:05 [notice] 1#1: signal 17 (SIGCHLD) received from 22
2023/12/15 16:57:05 [notice] 1#1: worker process 22 exited with code 0
2023/12/15 16:57:05 [notice] 1#1: worker process 35 exited with code 0
2023/12/15 16:57:05 [notice] 1#1: worker process 29 exited with code 0
2023/12/15 16:57:05 [notice] 1#1: signal 29 (SIGIO) received
2023/12/15 16:57:05 [notice] 1#1: signal 17 (SIGCHLD) received from 29
2023/12/15 16:57:05 [notice] 1#1: worker process 23 exited with code 0
2023/12/15 16:57:05 [notice] 1#1: worker process 26 exited with code 0
2023/12/15 16:57:05 [notice] 1#1: signal 29 (SIGIO) received
2023/12/15 16:57:05 [notice] 1#1: signal 17 (SIGCHLD) received from 25
2023/12/15 16:57:05 [notice] 1#1: worker process 25 exited with code 0
2023/12/15 16:57:05 [notice] 1#1: signal 29 (SIGIO) received
2023/12/15 16:57:05 [notice] 1#1: signal 17 (SIGCHLD) received from 28
2023/12/15 16:57:05 [notice] 1#1: worker process 28 exited with code 0
2023/12/15 16:57:05 [notice] 1#1: signal 29 (SIGIO) received
2023/12/15 16:57:05 [notice] 1#1: signal 17 (SIGCHLD) received from 31
2023/12/15 16:57:05 [notice] 1#1: worker process 31 exited with code 0
2023/12/15 16:57:05 [notice] 1#1: signal 29 (SIGIO) received
2023/12/15 16:57:05 [notice] 1#1: signal 17 (SIGCHLD) received from 33
2023/12/15 16:57:05 [notice] 1#1: worker process 21 exited with code 0
2023/12/15 16:57:05 [notice] 1#1: worker process 33 exited with code 0
2023/12/15 16:57:05 [notice] 1#1: signal 17 (SIGCHLD) received from 21
2023/12/15 16:57:05 [notice] 1#1: signal 17 (SIGCHLD) received from 32
2023/12/15 16:57:05 [notice] 1#1: worker process 32 exited with code 0
2023/12/15 16:57:05 [notice] 1#1: exit
2023/12/16 15:38:34 [notice] 1#1: using the "epoll" event method
2023/12/16 15:38:34 [notice] 1#1: nginx/1.25.3
2023/12/16 15:38:34 [notice] 1#1: built by gcc 12.2.0 (Debian 12.2.0-14) 
2023/12/16 15:38:34 [notice] 1#1: OS: Linux 5.15.133-1-MANJARO
2023/12/16 15:38:34 [notice] 1#1: getrlimit(RLIMIT_NOFILE): 1073741816:1073741816
2023/12/16 15:38:34 [notice] 1#1: start worker processes
2023/12/16 15:38:34 [notice] 1#1: start worker process 20
2023/12/16 15:38:34 [notice] 1#1: start worker process 21
2023/12/16 15:38:34 [notice] 1#1: start worker process 22
2023/12/16 15:38:34 [notice] 1#1: start worker process 23
2023/12/16 15:38:34 [notice] 1#1: start worker process 24
2023/12/16 15:38:34 [notice] 1#1: start worker process 25
2023/12/16 15:38:34 [notice] 1#1: start worker process 26
2023/12/16 15:38:34 [notice] 1#1: start worker process 27
2023/12/16 15:38:34 [notice] 1#1: start worker process 28
2023/12/16 15:38:34 [notice] 1#1: start worker process 29
2023/12/16 15:38:34 [notice] 1#1: start worker process 30
2023/12/16 15:38:34 [notice] 1#1: start worker process 31
2023/12/16 15:38:34 [notice] 1#1: start worker process 32
2023/12/16 15:38:34 [notice] 1#1: start worker process 33
2023/12/16 15:38:34 [notice] 1#1: start worker process 34
2023/12/16 15:38:34 [notice] 1#1: start worker process 35
2023/12/16 16:02:32 [notice] 1#1: signal 3 (SIGQUIT) received, shutting down
2023/12/16 16:02:32 [notice] 20#20: gracefully shutting down
2023/12/16 16:02:32 [notice] 21#21: gracefully shutting down
2023/12/16 16:02:32 [notice] 23#23: gracefully shutting down
2023/12/16 16:02:32 [notice] 24#24: gracefully shutting down
2023/12/16 16:02:32 [notice] 27#27: gracefully shutting down
2023/12/16 16:02:32 [notice] 20#20: exiting
2023/12/16 16:02:32 [notice] 26#26: gracefully shutting down
2023/12/16 16:02:32 [notice] 31#31: gracefully shutting down
2023/12/16 16:02:32 [notice] 29#29: gracefully shutting down
2023/12/16 16:02:32 [notice] 32#32: gracefully shutting down
2023/12/16 16:02:32 [notice] 25#25: gracefully shutting down
2023/12/16 16:02:32 [notice] 28#28: gracefully shutting down
2023/12/16 16:02:32 [notice] 34#34: gracefully shutting down
2023/12/16 16:02:32 [notice] 30#30: gracefully shutting down
2023/12/16 16:02:32 [notice] 33#33: gracefully shutting down
2023/12/16 16:02:32 [notice] 21#21: exiting
2023/12/16 16:02:32 [notice] 23#23: exiting
2023/12/16 16:02:32 [notice] 24#24: exiting
2023/12/16 16:02:32 [notice] 27#27: exiting
2023/12/16 16:02:32 [notice] 26#26: exiting
2023/12/16 16:02:32 [notice] 31#31: exiting
2023/12/16 16:02:32 [notice] 29#29: exiting
2023/12/16 16:02:32 [notice] 32#32: exiting
2023/12/16 16:02:32 [notice] 25#25: exiting
2023/12/16 16:02:32 [notice] 28#28: exiting
2023/12/16 16:02:32 [notice] 34#34: exiting
2023/12/16 16:02:32 [notice] 33#33: exiting
2023/12/16 16:02:32 [notice] 30#30: exiting
2023/12/16 16:02:32 [notice] 35#35: gracefully shutting down
2023/12/16 16:02:32 [notice] 22#22: gracefully shutting down
2023/12/16 16:02:32 [notice] 35#35: exiting
2023/12/16 16:02:32 [notice] 22#22: exiting
2023/12/16 16:02:32 [notice] 20#20: exit
2023/12/16 16:02:32 [notice] 21#21: exit
2023/12/16 16:02:32 [notice] 27#27: exit
2023/12/16 16:02:32 [notice] 31#31: exit
2023/12/16 16:02:32 [notice] 23#23: exit
2023/12/16 16:02:32 [notice] 32#32: exit
2023/12/16 16:02:32 [notice] 34#34: exit
2023/12/16 16:02:32 [notice] 29#29: exit
2023/12/16 16:02:32 [notice] 22#22: exit
2023/12/16 16:02:32 [notice] 33#33: exit
2023/12/16 16:02:32 [notice] 25#25: exit
2023/12/16 16:02:32 [notice] 26#26: exit
2023/12/16 16:02:32 [notice] 30#30: exit
2023/12/16 16:02:32 [notice] 28#28: exit
2023/12/16 16:02:32 [notice] 35#35: exit
2023/12/16 16:02:32 [notice] 24#24: exit
2023/12/16 16:02:32 [notice] 1#1: signal 17 (SIGCHLD) received from 25
2023/12/16 16:02:32 [notice] 1#1: worker process 25 exited with code 0
2023/12/16 16:02:32 [notice] 1#1: worker process 30 exited with code 0
2023/12/16 16:02:32 [notice] 1#1: signal 29 (SIGIO) received
2023/12/16 16:02:32 [notice] 1#1: signal 17 (SIGCHLD) received from 20
2023/12/16 16:02:32 [notice] 1#1: worker process 20 exited with code 0
2023/12/16 16:02:32 [notice] 1#1: signal 29 (SIGIO) received
2023/12/16 16:02:32 [notice] 1#1: signal 17 (SIGCHLD) received from 33
2023/12/16 16:02:32 [notice] 1#1: worker process 33 exited with code 0
2023/12/16 16:02:32 [notice] 1#1: signal 29 (SIGIO) received
2023/12/16 16:02:32 [notice] 1#1: signal 17 (SIGCHLD) received from 34
2023/12/16 16:02:32 [notice] 1#1: worker process 27 exited with code 0
2023/12/16 16:02:32 [notice] 1#1: worker process 34 exited with code 0
2023/12/16 16:02:32 [notice] 1#1: signal 29 (SIGIO) received
2023/12/16 16:02:32 [notice] 1#1: signal 17 (SIGCHLD) received from 24
2023/12/16 16:02:32 [notice] 1#1: worker process 24 exited with code 0
2023/12/16 16:02:32 [notice] 1#1: signal 29 (SIGIO) received
2023/12/16 16:02:32 [notice] 1#1: signal 17 (SIGCHLD) received from 32
2023/12/16 16:02:32 [notice] 1#1: worker process 29 exited with code 0
2023/12/16 16:02:32 [notice] 1#1: worker process 32 exited with code 0
2023/12/16 16:02:32 [notice] 1#1: signal 29 (SIGIO) received
2023/12/16 16:02:32 [notice] 1#1: signal 17 (SIGCHLD) received from 21
2023/12/16 16:02:32 [notice] 1#1: worker process 21 exited with code 0
2023/12/16 16:02:32 [notice] 1#1: signal 29 (SIGIO) received
2023/12/16 16:02:32 [notice] 1#1: signal 17 (SIGCHLD) received from 28
2023/12/16 16:02:32 [notice] 1#1: worker process 28 exited with code 0
2023/12/16 16:02:32 [notice] 1#1: signal 29 (SIGIO) received
2023/12/16 16:02:32 [notice] 1#1: signal 17 (SIGCHLD) received from 35
2023/12/16 16:02:32 [notice] 1#1: worker process 31 exited with code 0
2023/12/16 16:02:32 [notice] 1#1: worker process 35 exited with code 0
2023/12/16 16:02:32 [notice] 1#1: signal 29 (SIGIO) received
2023/12/16 16:02:32 [notice] 1#1: signal 17 (SIGCHLD) received from 31
2023/12/16 16:02:32 [notice] 1#1: signal 17 (SIGCHLD) received from 23
2023/12/16 16:02:32 [notice] 1#1: worker process 23 exited with code 0
2023/12/16 16:02:32 [notice] 1#1: signal 29 (SIGIO) received
2023/12/16 16:02:32 [notice] 1#1: signal 17 (SIGCHLD) received from 22
2023/12/16 16:02:32 [notice] 1#1: worker process 22 exited with code 0
2023/12/16 16:02:32 [notice] 1#1: signal 17 (SIGCHLD) received from 26
2023/12/16 16:02:32 [notice] 1#1: worker process 26 exited with code 0
2023/12/16 16:02:32 [notice] 1#1: exit
